<?xml version="1.0" encoding="UTF-8"?>
<!-- Generated by org.testng.reporters.JUnitXMLReporter -->
<testsuite hostname="Stephen-PC" ignored="1" name="Default test" tests="6" failures="0" timestamp="02 Feb 2018 03:24:22 GMT" time="54.699" errors="0">
  <testcase name="openApplication" time="16.121" classname="com.revature.runners.OverviewTestRunner"/>
  <testcase name="testLoginMethod" time="6.617" classname="com.revature.runners.OverviewTestRunner"/>
  <testcase name="filterInProgress" time="13.039" classname="com.revature.runners.OverviewTestRunner"/>
  <testcase name="filterBegInTwoWeeks" time="8.93" classname="com.revature.runners.OverviewTestRunner"/>
  <testcase name="filterAll" time="9.364" classname="com.revature.runners.OverviewTestRunner"/>
  <testcase name="closeApplication" time="0.529" classname="com.revature.runners.OverviewTestRunner"/>
  <testcase name="exportCSV" time="0.0" classname="com.revature.runners.OverviewTestRunner">
    <ignored/>
  </testcase> <!-- exportCSV -->
</testsuite> <!-- Default test -->
