<?xml version="1.0" encoding="UTF-8"?>
<!-- Generated by org.testng.reporters.JUnitXMLReporter -->
<testsuite hostname="Stephen-PC" ignored="3" name="Default test" tests="4" failures="0" timestamp="01 Feb 2018 01:07:08 GMT" time="23.611" errors="0">
  <testcase name="openApplication" time="9.982" classname="com.revature.runners.ProfileTestRunner"/>
  <testcase name="testLoginMethod" time="2.727" classname="com.revature.runners.ProfileTestRunner"/>
  <testcase name="saveSkills" time="10.196" classname="com.revature.runners.ProfileTestRunner"/>
  <testcase name="closeApplication" time="0.573" classname="com.revature.runners.ProfileTestRunner"/>
  <testcase name="addCertification" time="0.0" classname="com.revature.runners.ProfileTestRunner">
    <ignored/>
  </testcase> <!-- addCertification -->
  <testcase name="selectSkill" time="0.0" classname="com.revature.runners.ProfileTestRunner">
    <ignored/>
  </testcase> <!-- selectSkill -->
  <testcase name="removeSkill" time="0.0" classname="com.revature.runners.ProfileTestRunner">
    <ignored/>
  </testcase> <!-- removeSkill -->
</testsuite> <!-- Default test -->
