<?xml version="1.0" encoding="UTF-8"?>
<testng-results skipped="0" failed="0" ignored="3" total="7" passed="4">
  <reporter-output>
  </reporter-output>
  <suite name="Default suite" duration-ms="23611" started-at="2018-02-01T01:06:44Z" finished-at="2018-02-01T01:07:08Z">
    <groups>
    </groups>
    <test name="Default test" duration-ms="23611" started-at="2018-02-01T01:06:44Z" finished-at="2018-02-01T01:07:08Z">
      <class name="com.revature.runners.ProfileTestRunner">
        <test-method status="PASS" signature="openApplication()[pri:1, instance:com.revature.runners.ProfileTestRunner@f6c48ac]" name="openApplication" duration-ms="9982" started-at="2018-01-31T17:06:44Z" finished-at="2018-01-31T17:06:54Z">
          <reporter-output>
          </reporter-output>
        </test-method> <!-- openApplication -->
        <test-method status="PASS" signature="testLoginMethod()[pri:2, instance:com.revature.runners.ProfileTestRunner@f6c48ac]" name="testLoginMethod" duration-ms="2727" started-at="2018-01-31T17:06:54Z" finished-at="2018-01-31T17:06:57Z">
          <reporter-output>
          </reporter-output>
        </test-method> <!-- testLoginMethod -->
        <test-method status="PASS" signature="saveSkills()[pri:6, instance:com.revature.runners.ProfileTestRunner@f6c48ac]" name="saveSkills" duration-ms="10196" started-at="2018-01-31T17:06:57Z" finished-at="2018-01-31T17:07:07Z">
          <reporter-output>
          </reporter-output>
        </test-method> <!-- saveSkills -->
        <test-method status="PASS" signature="closeApplication()[pri:7, instance:com.revature.runners.ProfileTestRunner@f6c48ac]" name="closeApplication" duration-ms="573" started-at="2018-01-31T17:07:07Z" finished-at="2018-01-31T17:07:08Z">
          <reporter-output>
          </reporter-output>
        </test-method> <!-- closeApplication -->
      </class> <!-- com.revature.runners.ProfileTestRunner -->
    </test> <!-- Default test -->
  </suite> <!-- Default suite -->
</testng-results>
