<?xml version="1.0" encoding="UTF-8"?>
<testng-results skipped="0" failed="0" ignored="1" total="7" passed="6">
  <reporter-output>
  </reporter-output>
  <suite name="Default suite" duration-ms="54699" started-at="2018-02-02T03:23:27Z" finished-at="2018-02-02T03:24:21Z">
    <groups>
    </groups>
    <test name="Default test" duration-ms="54699" started-at="2018-02-02T03:23:27Z" finished-at="2018-02-02T03:24:21Z">
      <class name="com.revature.runners.OverviewTestRunner">
        <test-method status="PASS" signature="openApplication()[pri:1, instance:com.revature.runners.OverviewTestRunner@1ed4004b]" name="openApplication" duration-ms="16121" started-at="2018-02-01T19:23:27Z" finished-at="2018-02-01T19:23:43Z">
          <reporter-output>
          </reporter-output>
        </test-method> <!-- openApplication -->
        <test-method status="PASS" signature="testLoginMethod()[pri:2, instance:com.revature.runners.OverviewTestRunner@1ed4004b]" name="testLoginMethod" duration-ms="6617" started-at="2018-02-01T19:23:43Z" finished-at="2018-02-01T19:23:49Z">
          <reporter-output>
          </reporter-output>
        </test-method> <!-- testLoginMethod -->
        <test-method status="PASS" signature="filterInProgress()[pri:3, instance:com.revature.runners.OverviewTestRunner@1ed4004b]" name="filterInProgress" duration-ms="13039" started-at="2018-02-01T19:23:49Z" finished-at="2018-02-01T19:24:03Z">
          <reporter-output>
          </reporter-output>
        </test-method> <!-- filterInProgress -->
        <test-method status="PASS" signature="filterBegInTwoWeeks()[pri:4, instance:com.revature.runners.OverviewTestRunner@1ed4004b]" name="filterBegInTwoWeeks" duration-ms="8930" started-at="2018-02-01T19:24:03Z" finished-at="2018-02-01T19:24:11Z">
          <reporter-output>
          </reporter-output>
        </test-method> <!-- filterBegInTwoWeeks -->
        <test-method status="PASS" signature="filterAll()[pri:5, instance:com.revature.runners.OverviewTestRunner@1ed4004b]" name="filterAll" duration-ms="9364" started-at="2018-02-01T19:24:11Z" finished-at="2018-02-01T19:24:21Z">
          <reporter-output>
          </reporter-output>
        </test-method> <!-- filterAll -->
        <test-method status="PASS" signature="closeApplication()[pri:7, instance:com.revature.runners.OverviewTestRunner@1ed4004b]" name="closeApplication" duration-ms="529" started-at="2018-02-01T19:24:21Z" finished-at="2018-02-01T19:24:21Z">
          <reporter-output>
          </reporter-output>
        </test-method> <!-- closeApplication -->
      </class> <!-- com.revature.runners.OverviewTestRunner -->
    </test> <!-- Default test -->
  </suite> <!-- Default suite -->
</testng-results>
